\BOOKMARK [1][-]{section.1}{\376\377\000E\000j\000e\000r\000c\000i\000c\000i\000o\000\040\0001}{}% 1
\BOOKMARK [2][-]{subsection.1.1}{\376\377\000D\000o\000m\000i\000n\000i\000o}{section.1}% 2
\BOOKMARK [3][-]{subsubsection.1.1.1}{\376\377\000T\000i\000p\000o\000s\000:}{subsection.1.1}% 3
\BOOKMARK [3][-]{subsubsection.1.1.2}{\376\377\000C\000o\000n\000s\000t\000a\000n\000t\000e\000s\000:}{subsection.1.1}% 4
\BOOKMARK [3][-]{subsubsection.1.1.3}{\376\377\000P\000r\000e\000d\000i\000c\000a\000d\000o\000s\000:}{subsection.1.1}% 5
\BOOKMARK [3][-]{subsubsection.1.1.4}{\376\377\000A\000c\000c\000i\000o\000n\000e\000s\000:}{subsection.1.1}% 6
\BOOKMARK [2][-]{subsection.1.2}{\376\377\000P\000r\000o\000b\000l\000e\000m\000a}{section.1}% 7
\BOOKMARK [3][-]{subsubsection.1.2.1}{\376\377\000D\000o\000m\000i\000n\000i\000o\000:}{subsection.1.2}% 8
\BOOKMARK [3][-]{subsubsection.1.2.2}{\376\377\000O\000b\000j\000e\000t\000o\000s\000:}{subsection.1.2}% 9
\BOOKMARK [3][-]{subsubsection.1.2.3}{\376\377\000E\000s\000t\000a\000d\000o\000\040\000i\000n\000i\000c\000i\000a\000l\000:}{subsection.1.2}% 10
\BOOKMARK [3][-]{subsubsection.1.2.4}{\376\377\000M\000e\000t\000a\000:}{subsection.1.2}% 11
\BOOKMARK [3][-]{subsubsection.1.2.5}{\376\377\000M\000\351\000t\000r\000i\000c\000a\000:}{subsection.1.2}% 12
\BOOKMARK [2][-]{subsection.1.3}{\376\377\000S\000o\000l\000u\000c\000i\000\363\000n\000:}{section.1}% 13
\BOOKMARK [1][-]{section.2}{\376\377\000E\000j\000e\000r\000c\000i\000c\000i\000o\000\040\0002}{}% 14
\BOOKMARK [2][-]{subsection.2.1}{\376\377\000D\000o\000m\000i\000n\000i\000o\000:}{section.2}% 15
\BOOKMARK [3][-]{subsubsection.2.1.1}{\376\377\000C\000o\000n\000s\000t\000a\000n\000t\000e\000s\000:}{subsection.2.1}% 16
\BOOKMARK [3][-]{subsubsection.2.1.2}{\376\377\000A\000c\000c\000i\000o\000n\000e\000s\000:}{subsection.2.1}% 17
\BOOKMARK [2][-]{subsection.2.2}{\376\377\000P\000r\000o\000b\000l\000e\000m\000a\000:}{section.2}% 18
\BOOKMARK [3][-]{subsubsection.2.2.1}{\376\377\000O\000b\000j\000e\000t\000o\000s\000:}{subsection.2.2}% 19
\BOOKMARK [3][-]{subsubsection.2.2.2}{\376\377\000E\000s\000t\000a\000d\000o\000\040\000i\000n\000i\000c\000i\000a\000l\000:}{subsection.2.2}% 20
\BOOKMARK [3][-]{subsubsection.2.2.3}{\376\377\000M\000e\000t\000a\000:}{subsection.2.2}% 21
\BOOKMARK [2][-]{subsection.2.3}{\376\377\000S\000o\000l\000u\000c\000i\000\363\000n\000:}{section.2}% 22
\BOOKMARK [1][-]{section.3}{\376\377\000E\000j\000e\000r\000c\000i\000c\000i\000o\000\040\0003}{}% 23
\BOOKMARK [2][-]{subsection.3.1}{\376\377\000D\000o\000m\000i\000n\000i\000o\000:}{section.3}% 24
\BOOKMARK [3][-]{subsubsection.3.1.1}{\376\377\000P\000r\000e\000d\000i\000c\000a\000d\000o\000s\000:}{subsection.3.1}% 25
\BOOKMARK [3][-]{subsubsection.3.1.2}{\376\377\000A\000c\000c\000i\000o\000n\000e\000s\000:}{subsection.3.1}% 26
\BOOKMARK [2][-]{subsection.3.2}{\376\377\000P\000r\000o\000b\000l\000e\000m\000a\000:}{section.3}% 27
\BOOKMARK [3][-]{subsubsection.3.2.1}{\376\377\000E\000s\000t\000a\000d\000o\000\040\000i\000n\000i\000c\000i\000a\000l\000:}{subsection.3.2}% 28
\BOOKMARK [3][-]{subsubsection.3.2.2}{\376\377\000M\000e\000t\000a\000:}{subsection.3.2}% 29
\BOOKMARK [2][-]{subsection.3.3}{\376\377\000S\000o\000l\000u\000c\000i\000\363\000n\000:}{section.3}% 30
\BOOKMARK [1][-]{section.4}{\376\377\000E\000j\000e\000r\000c\000i\000c\000i\000o\000\040\0004}{}% 31
\BOOKMARK [2][-]{subsection.4.1}{\376\377\000D\000o\000m\000i\000n\000i\000o\000:}{section.4}% 32
\BOOKMARK [3][-]{subsubsection.4.1.1}{\376\377\000C\000o\000n\000s\000t\000a\000n\000t\000e\000s\000:}{subsection.4.1}% 33
\BOOKMARK [2][-]{subsection.4.2}{\376\377\000P\000r\000e\000d\000i\000c\000a\000d\000o\000s\000:}{section.4}% 34
\BOOKMARK [3][-]{subsubsection.4.2.1}{\376\377\000A\000c\000c\000i\000o\000n\000e\000s\000:}{subsection.4.2}% 35
\BOOKMARK [2][-]{subsection.4.3}{\376\377\000P\000r\000o\000b\000l\000e\000m\000a\000:}{section.4}% 36
\BOOKMARK [3][-]{subsubsection.4.3.1}{\376\377\000O\000b\000j\000e\000t\000o\000s\000:}{subsection.4.3}% 37
\BOOKMARK [3][-]{subsubsection.4.3.2}{\376\377\000E\000s\000t\000a\000d\000o\000\040\000i\000n\000i\000c\000i\000a\000l\000:}{subsection.4.3}% 38
\BOOKMARK [3][-]{subsubsection.4.3.3}{\376\377\000M\000e\000t\000a\000:}{subsection.4.3}% 39
\BOOKMARK [2][-]{subsection.4.4}{\376\377\000S\000o\000l\000u\000c\000i\000\363\000n\000:}{section.4}% 40
\BOOKMARK [1][-]{section.5}{\376\377\000E\000j\000e\000r\000c\000i\000c\000i\000o\000\040\0005}{}% 41
\BOOKMARK [2][-]{subsection.5.1}{\376\377\000D\000o\000m\000i\000n\000i\000o\000:}{section.5}% 42
\BOOKMARK [3][-]{subsubsection.5.1.1}{\376\377\000T\000i\000p\000o\000s\000:}{subsection.5.1}% 43
\BOOKMARK [3][-]{subsubsection.5.1.2}{\376\377\000C\000o\000n\000s\000t\000a\000n\000t\000e\000s\000:}{subsection.5.1}% 44
\BOOKMARK [3][-]{subsubsection.5.1.3}{\376\377\000P\000r\000e\000d\000i\000c\000a\000d\000o\000s\000:}{subsection.5.1}% 45
\BOOKMARK [3][-]{subsubsection.5.1.4}{\376\377\000A\000c\000c\000i\000o\000n\000e\000s\000:}{subsection.5.1}% 46
\BOOKMARK [2][-]{subsection.5.2}{\376\377\000P\000r\000o\000b\000l\000e\000m\000a\000:}{section.5}% 47
\BOOKMARK [3][-]{subsubsection.5.2.1}{\376\377\000O\000b\000j\000e\000t\000o\000s\000:}{subsection.5.2}% 48
\BOOKMARK [3][-]{subsubsection.5.2.2}{\376\377\000E\000s\000t\000a\000d\000o\000\040\000i\000n\000i\000c\000i\000a\000l\000:}{subsection.5.2}% 49
\BOOKMARK [3][-]{subsubsection.5.2.3}{\376\377\000M\000e\000t\000a\000:}{subsection.5.2}% 50
\BOOKMARK [2][-]{subsection.5.3}{\376\377\000S\000o\000l\000u\000c\000i\000\363\000n\000:}{section.5}% 51
\BOOKMARK [1][-]{section.6}{\376\377\000E\000j\000e\000r\000c\000i\000c\000i\000o\000\040\0006}{}% 52
\BOOKMARK [2][-]{subsection.6.1}{\376\377\000D\000o\000m\000i\000n\000i\000o\000:}{section.6}% 53
\BOOKMARK [3][-]{subsubsection.6.1.1}{\376\377\000C\000o\000n\000s\000t\000a\000n\000t\000e\000s\000:}{subsection.6.1}% 54
\BOOKMARK [3][-]{subsubsection.6.1.2}{\376\377\000P\000r\000e\000d\000i\000c\000a\000d\000o\000s\000:}{subsection.6.1}% 55
\BOOKMARK [3][-]{subsubsection.6.1.3}{\376\377\000F\000u\000n\000c\000i\000o\000n\000e\000s\000:}{subsection.6.1}% 56
\BOOKMARK [3][-]{subsubsection.6.1.4}{\376\377\000A\000c\000c\000i\000o\000n\000e\000s\000:}{subsection.6.1}% 57
\BOOKMARK [2][-]{subsection.6.2}{\376\377\000P\000r\000o\000b\000l\000e\000m\000a\000:}{section.6}% 58
\BOOKMARK [3][-]{subsubsection.6.2.1}{\376\377\000O\000b\000j\000e\000t\000o\000s\000:}{subsection.6.2}% 59
\BOOKMARK [3][-]{subsubsection.6.2.2}{\376\377\000E\000s\000t\000a\000d\000o\000\040\000i\000n\000i\000c\000i\000a\000l\000:}{subsection.6.2}% 60
\BOOKMARK [3][-]{subsubsection.6.2.3}{\376\377\000M\000e\000t\000a\000:}{subsection.6.2}% 61
\BOOKMARK [2][-]{subsection.6.3}{\376\377\000S\000o\000l\000u\000c\000i\000\363\000n\000:}{section.6}% 62
\BOOKMARK [1][-]{section.7}{\376\377\000E\000j\000e\000r\000c\000i\000c\000i\000o\000\040\0007}{}% 63
